2025-03-08 23:46:22,102 - INFO - Frame 0/206 - Brightness: 17.23
2025-03-08 23:46:22,127 - INFO - Frame 1/206 - Brightness: 17.24
2025-03-08 23:46:22,147 - INFO - Frame 2/206 - Brightness: 17.42
2025-03-08 23:46:22,162 - INFO - Frame 3/206 - Brightness: 17.53
2025-03-08 23:46:22,181 - INFO - Frame 4/206 - Brightness: 17.77
2025-03-08 23:46:22,199 - INFO - Frame 5/206 - Brightness: 18.13
2025-03-08 23:46:22,219 - INFO - Frame 6/206 - Brightness: 18.58
2025-03-08 23:46:22,236 - INFO - Frame 7/206 - Brightness: 19.07
2025-03-08 23:46:22,253 - INFO - Frame 8/206 - Brightness: 19.52
2025-03-08 23:46:22,271 - INFO - Frame 9/206 - Brightness: 19.82
2025-03-08 23:46:22,289 - INFO - Frame 10/206 - Brightness: 19.92
2025-03-08 23:46:22,308 - INFO - Frame 11/206 - Brightness: 20.07
2025-03-08 23:46:22,328 - INFO - Frame 12/206 - Brightness: 20.31
2025-03-08 23:46:22,346 - INFO - Frame 13/206 - Brightness: 20.53
2025-03-08 23:46:22,368 - INFO - Frame 14/206 - Brightness: 20.79
2025-03-08 23:46:22,386 - INFO - Frame 15/206 - Brightness: 21.57
2025-03-08 23:46:22,405 - INFO - Frame 16/206 - Brightness: 21.85
2025-03-08 23:46:22,424 - INFO - Frame 17/206 - Brightness: 21.77
2025-03-08 23:46:22,442 - INFO - Frame 18/206 - Brightness: 21.54
2025-03-08 23:46:22,461 - INFO - Frame 19/206 - Brightness: 21.47
2025-03-08 23:46:22,482 - INFO - Frame 20/206 - Brightness: 21.60
2025-03-08 23:46:22,502 - INFO - Frame 21/206 - Brightness: 21.73
2025-03-08 23:46:22,523 - INFO - Frame 22/206 - Brightness: 21.72
2025-03-08 23:46:22,542 - INFO - Frame 23/206 - Brightness: 21.65
2025-03-08 23:46:22,563 - INFO - Frame 24/206 - Brightness: 21.63
2025-03-08 23:46:22,581 - INFO - Frame 25/206 - Brightness: 21.34
2025-03-08 23:46:22,600 - INFO - Frame 26/206 - Brightness: 21.74
2025-03-08 23:46:22,619 - INFO - Frame 27/206 - Brightness: 21.70
2025-03-08 23:46:22,639 - INFO - Frame 28/206 - Brightness: 22.03
2025-03-08 23:46:22,659 - INFO - Frame 29/206 - Brightness: 21.96
2025-03-08 23:46:22,676 - INFO - Frame 30/206 - Brightness: 22.17
2025-03-08 23:46:22,696 - INFO - Frame 31/206 - Brightness: 22.48
2025-03-08 23:46:22,715 - INFO - Frame 32/206 - Brightness: 22.83
2025-03-08 23:46:22,734 - INFO - Frame 33/206 - Brightness: 23.27
2025-03-08 23:46:22,755 - INFO - Frame 34/206 - Brightness: 23.22
2025-03-08 23:46:22,777 - INFO - Frame 35/206 - Brightness: 23.93
2025-03-08 23:46:22,797 - INFO - Frame 36/206 - Brightness: 24.45
2025-03-08 23:46:22,816 - INFO - Frame 37/206 - Brightness: 23.78
2025-03-08 23:46:22,833 - INFO - Frame 38/206 - Brightness: 23.38
2025-03-08 23:46:22,850 - INFO - Frame 39/206 - Brightness: 22.93
2025-03-08 23:46:22,870 - INFO - Frame 40/206 - Brightness: 22.86
2025-03-08 23:46:22,890 - INFO - Frame 41/206 - Brightness: 22.61
2025-03-08 23:46:22,907 - INFO - Frame 42/206 - Brightness: 22.28
2025-03-08 23:46:22,927 - INFO - Frame 43/206 - Brightness: 21.64
2025-03-08 23:46:22,947 - INFO - Frame 44/206 - Brightness: 21.39
2025-03-08 23:46:22,966 - INFO - Frame 45/206 - Brightness: 21.06
2025-03-08 23:46:22,985 - INFO - Frame 46/206 - Brightness: 21.39
2025-03-08 23:46:23,002 - INFO - Frame 47/206 - Brightness: 21.52
2025-03-08 23:46:23,022 - INFO - Frame 48/206 - Brightness: 21.78
2025-03-08 23:46:23,041 - INFO - Frame 49/206 - Brightness: 21.68
2025-03-08 23:46:23,062 - INFO - Frame 50/206 - Brightness: 21.57
2025-03-08 23:46:23,083 - INFO - Frame 51/206 - Brightness: 21.20
2025-03-08 23:46:23,104 - INFO - Frame 52/206 - Brightness: 21.42
2025-03-08 23:46:23,124 - INFO - Frame 53/206 - Brightness: 21.08
2025-03-08 23:46:23,143 - INFO - Frame 54/206 - Brightness: 21.26
2025-03-08 23:46:23,163 - INFO - Frame 55/206 - Brightness: 21.19
2025-03-08 23:46:23,184 - INFO - Frame 56/206 - Brightness: 21.20
2025-03-08 23:46:23,208 - INFO - Frame 57/206 - Brightness: 21.41
2025-03-08 23:46:23,227 - INFO - Frame 58/206 - Brightness: 21.42
2025-03-08 23:46:23,245 - INFO - Frame 59/206 - Brightness: 21.28
2025-03-08 23:46:23,262 - INFO - Frame 60/206 - Brightness: 21.24
2025-03-08 23:46:23,279 - INFO - Frame 61/206 - Brightness: 21.42
2025-03-08 23:46:23,297 - INFO - Frame 62/206 - Brightness: 21.39
2025-03-08 23:46:23,315 - INFO - Frame 63/206 - Brightness: 21.55
2025-03-08 23:46:23,333 - INFO - Frame 64/206 - Brightness: 21.41
2025-03-08 23:46:23,350 - INFO - Frame 65/206 - Brightness: 21.45
2025-03-08 23:46:23,367 - INFO - Frame 66/206 - Brightness: 21.57
2025-03-08 23:46:23,385 - INFO - Frame 67/206 - Brightness: 21.68
2025-03-08 23:46:23,404 - INFO - Frame 68/206 - Brightness: 21.87
2025-03-08 23:46:23,422 - INFO - Frame 69/206 - Brightness: 21.79
2025-03-08 23:46:23,440 - INFO - Frame 70/206 - Brightness: 22.05
2025-03-08 23:46:23,458 - INFO - Frame 71/206 - Brightness: 22.18
2025-03-08 23:46:23,476 - INFO - Frame 72/206 - Brightness: 21.59
2025-03-08 23:46:23,493 - INFO - Frame 73/206 - Brightness: 21.63
2025-03-08 23:46:23,512 - INFO - Frame 74/206 - Brightness: 21.34
2025-03-08 23:46:23,534 - INFO - Frame 75/206 - Brightness: 21.30
2025-03-08 23:46:23,552 - INFO - Frame 76/206 - Brightness: 21.03
2025-03-08 23:46:23,571 - INFO - Frame 77/206 - Brightness: 20.68
2025-03-08 23:46:23,591 - INFO - Frame 78/206 - Brightness: 20.47
2025-03-08 23:46:23,608 - INFO - Frame 79/206 - Brightness: 20.67
2025-03-08 23:46:23,626 - INFO - Frame 80/206 - Brightness: 20.52
2025-03-08 23:46:23,643 - INFO - Frame 81/206 - Brightness: 20.57
2025-03-08 23:46:23,662 - INFO - Frame 82/206 - Brightness: 19.94
2025-03-08 23:46:23,679 - INFO - Frame 83/206 - Brightness: 20.02
2025-03-08 23:46:23,695 - INFO - Frame 84/206 - Brightness: 19.87
2025-03-08 23:46:23,714 - INFO - Frame 85/206 - Brightness: 19.94
2025-03-08 23:46:23,734 - INFO - Frame 86/206 - Brightness: 19.82
2025-03-08 23:46:23,751 - INFO - Frame 87/206 - Brightness: 19.91
2025-03-08 23:46:23,770 - INFO - Frame 88/206 - Brightness: 19.76
2025-03-08 23:46:23,790 - INFO - Frame 89/206 - Brightness: 20.08
2025-03-08 23:46:23,810 - INFO - Frame 90/206 - Brightness: 19.98
2025-03-08 23:46:23,831 - INFO - Frame 91/206 - Brightness: 19.79
2025-03-08 23:46:23,848 - INFO - Frame 92/206 - Brightness: 19.65
2025-03-08 23:46:23,867 - INFO - Frame 93/206 - Brightness: 19.65
2025-03-08 23:46:23,885 - INFO - Frame 94/206 - Brightness: 19.55
2025-03-08 23:46:23,904 - INFO - Frame 95/206 - Brightness: 19.42
2025-03-08 23:46:23,925 - INFO - Frame 96/206 - Brightness: 19.79
2025-03-08 23:46:23,945 - INFO - Frame 97/206 - Brightness: 19.63
2025-03-08 23:46:23,964 - INFO - Frame 98/206 - Brightness: 19.54
2025-03-08 23:46:23,984 - INFO - Frame 99/206 - Brightness: 19.37
2025-03-08 23:46:24,002 - INFO - Frame 100/206 - Brightness: 19.33
2025-03-08 23:46:24,021 - INFO - Frame 101/206 - Brightness: 19.37
2025-03-08 23:46:24,038 - INFO - Frame 102/206 - Brightness: 19.44
2025-03-08 23:46:24,057 - INFO - Frame 103/206 - Brightness: 19.28
2025-03-08 23:46:24,075 - INFO - Frame 104/206 - Brightness: 19.85
2025-03-08 23:46:24,092 - INFO - Frame 105/206 - Brightness: 19.91
2025-03-08 23:46:24,109 - INFO - Frame 106/206 - Brightness: 19.48
2025-03-08 23:46:24,126 - INFO - Frame 107/206 - Brightness: 19.36
2025-03-08 23:46:24,146 - INFO - Frame 108/206 - Brightness: 19.73
2025-03-08 23:46:24,163 - INFO - Frame 109/206 - Brightness: 19.10
2025-03-08 23:46:24,184 - INFO - Frame 110/206 - Brightness: 19.11
2025-03-08 23:46:24,203 - INFO - Frame 111/206 - Brightness: 19.51
2025-03-08 23:46:24,222 - INFO - Frame 112/206 - Brightness: 19.23
2025-03-08 23:46:24,240 - INFO - Frame 113/206 - Brightness: 19.77
2025-03-08 23:46:24,259 - INFO - Frame 114/206 - Brightness: 19.99
2025-03-08 23:46:24,276 - INFO - Frame 115/206 - Brightness: 19.62
2025-03-08 23:46:24,291 - INFO - Frame 116/206 - Brightness: 20.03
2025-03-08 23:46:24,310 - INFO - Frame 117/206 - Brightness: 21.05
2025-03-08 23:46:24,328 - INFO - Frame 118/206 - Brightness: 22.93
2025-03-08 23:46:24,358 - INFO - Frame 119/206 - Brightness: 24.57
2025-03-08 23:46:24,379 - INFO - Frame 120/206 - Brightness: 25.66
2025-03-08 23:46:24,399 - INFO - Frame 121/206 - Brightness: 27.77
2025-03-08 23:46:24,422 - INFO - Frame 122/206 - Brightness: 28.33
2025-03-08 23:46:24,440 - INFO - Frame 123/206 - Brightness: 29.76
2025-03-08 23:46:24,458 - INFO - Frame 124/206 - Brightness: 29.98
2025-03-08 23:46:24,477 - INFO - Frame 125/206 - Brightness: 31.52
2025-03-08 23:46:24,496 - INFO - Frame 126/206 - Brightness: 31.31
2025-03-08 23:46:24,516 - INFO - Frame 127/206 - Brightness: 31.09
2025-03-08 23:46:24,535 - INFO - Frame 128/206 - Brightness: 31.31
2025-03-08 23:46:24,552 - INFO - Frame 129/206 - Brightness: 31.20
2025-03-08 23:46:24,570 - INFO - Frame 130/206 - Brightness: 31.02
2025-03-08 23:46:24,589 - INFO - Frame 131/206 - Brightness: 31.08
2025-03-08 23:46:24,606 - INFO - Frame 132/206 - Brightness: 32.21
2025-03-08 23:46:24,625 - INFO - Frame 133/206 - Brightness: 32.39
2025-03-08 23:46:24,643 - INFO - Frame 134/206 - Brightness: 31.68
2025-03-08 23:46:24,662 - INFO - Frame 135/206 - Brightness: 32.94
2025-03-08 23:46:24,677 - INFO - Frame 136/206 - Brightness: 32.88
2025-03-08 23:46:24,695 - INFO - Frame 137/206 - Brightness: 34.01
2025-03-08 23:46:24,713 - INFO - Frame 138/206 - Brightness: 33.91
2025-03-08 23:46:24,729 - INFO - Frame 139/206 - Brightness: 34.60
2025-03-08 23:46:24,752 - INFO - Frame 140/206 - Brightness: 34.11
2025-03-08 23:46:24,771 - INFO - Frame 141/206 - Brightness: 34.51
2025-03-08 23:46:24,788 - INFO - Frame 142/206 - Brightness: 34.23
2025-03-08 23:46:24,804 - INFO - Frame 143/206 - Brightness: 34.63
2025-03-08 23:46:24,824 - INFO - Frame 144/206 - Brightness: 35.47
2025-03-08 23:46:24,843 - INFO - Frame 145/206 - Brightness: 35.35
2025-03-08 23:46:24,859 - INFO - Frame 146/206 - Brightness: 36.29
2025-03-08 23:46:24,880 - INFO - Frame 147/206 - Brightness: 36.77
2025-03-08 23:46:24,898 - INFO - Frame 148/206 - Brightness: 37.56
2025-03-08 23:46:24,917 - INFO - Frame 149/206 - Brightness: 38.64
2025-03-08 23:46:24,935 - INFO - Frame 150/206 - Brightness: 38.77
2025-03-08 23:46:24,951 - INFO - Frame 151/206 - Brightness: 40.29
2025-03-08 23:46:24,968 - INFO - Frame 152/206 - Brightness: 41.02
2025-03-08 23:46:24,987 - INFO - Frame 153/206 - Brightness: 42.16
2025-03-08 23:46:25,005 - INFO - Frame 154/206 - Brightness: 42.25
2025-03-08 23:46:25,023 - INFO - Frame 155/206 - Brightness: 43.81
2025-03-08 23:46:25,042 - INFO - Frame 156/206 - Brightness: 44.06
2025-03-08 23:46:25,061 - INFO - Frame 157/206 - Brightness: 45.36
2025-03-08 23:46:25,079 - INFO - Frame 158/206 - Brightness: 45.29
2025-03-08 23:46:25,096 - INFO - Frame 159/206 - Brightness: 47.50
2025-03-08 23:46:25,112 - INFO - Frame 160/206 - Brightness: 47.86
2025-03-08 23:46:25,129 - INFO - Frame 161/206 - Brightness: 47.71
2025-03-08 23:46:25,149 - INFO - Frame 162/206 - Brightness: 47.95
2025-03-08 23:46:25,168 - INFO - Frame 163/206 - Brightness: 49.14
2025-03-08 23:46:25,185 - INFO - Frame 164/206 - Brightness: 48.44
2025-03-08 23:46:25,204 - INFO - Frame 165/206 - Brightness: 50.54
2025-03-08 23:46:25,223 - INFO - Frame 166/206 - Brightness: 50.63
2025-03-08 23:46:25,239 - INFO - Frame 167/206 - Brightness: 50.62
2025-03-08 23:46:25,258 - INFO - Frame 168/206 - Brightness: 50.76
2025-03-08 23:46:25,276 - INFO - Frame 169/206 - Brightness: 49.73
2025-03-08 23:46:25,294 - INFO - Frame 170/206 - Brightness: 50.72
2025-03-08 23:46:25,313 - INFO - Frame 171/206 - Brightness: 50.54
2025-03-08 23:46:25,331 - INFO - Frame 172/206 - Brightness: 51.69
2025-03-08 23:46:25,350 - INFO - Frame 173/206 - Brightness: 51.45
2025-03-08 23:46:25,370 - INFO - Frame 174/206 - Brightness: 52.72
2025-03-08 23:46:25,388 - INFO - Frame 175/206 - Brightness: 52.52
2025-03-08 23:46:25,406 - INFO - Frame 176/206 - Brightness: 52.61
2025-03-08 23:46:25,426 - INFO - Frame 177/206 - Brightness: 52.92
2025-03-08 23:46:25,442 - INFO - Frame 178/206 - Brightness: 52.93
2025-03-08 23:46:25,458 - INFO - Frame 179/206 - Brightness: 53.54
2025-03-08 23:46:25,477 - INFO - Frame 180/206 - Brightness: 53.24
2025-03-08 23:46:25,495 - INFO - Frame 181/206 - Brightness: 52.42
2025-03-08 23:46:25,511 - INFO - Frame 182/206 - Brightness: 51.68
2025-03-08 23:46:25,529 - INFO - Frame 183/206 - Brightness: 51.66
2025-03-08 23:46:25,547 - INFO - Frame 184/206 - Brightness: 50.74
2025-03-08 23:46:25,572 - INFO - Frame 185/206 - Brightness: 49.69
2025-03-08 23:46:25,591 - INFO - Frame 186/206 - Brightness: 49.10
2025-03-08 23:46:25,608 - INFO - Frame 187/206 - Brightness: 48.66
2025-03-08 23:46:25,626 - INFO - Frame 188/206 - Brightness: 48.85
2025-03-08 23:46:25,642 - INFO - Frame 189/206 - Brightness: 49.77
2025-03-08 23:46:25,661 - INFO - Frame 190/206 - Brightness: 48.58
2025-03-08 23:46:25,677 - INFO - Frame 191/206 - Brightness: 47.81
2025-03-08 23:46:25,695 - INFO - Frame 192/206 - Brightness: 47.43
2025-03-08 23:46:25,713 - INFO - Frame 193/206 - Brightness: 47.66
2025-03-08 23:46:25,729 - INFO - Frame 194/206 - Brightness: 46.58
2025-03-08 23:46:25,746 - INFO - Frame 195/206 - Brightness: 45.97
2025-03-08 23:46:25,764 - INFO - Frame 196/206 - Brightness: 45.74
2025-03-08 23:46:25,780 - INFO - Frame 197/206 - Brightness: 45.48
2025-03-08 23:46:25,797 - INFO - Frame 198/206 - Brightness: 45.47
2025-03-08 23:46:25,815 - INFO - Frame 199/206 - Brightness: 46.28
2025-03-08 23:46:25,832 - INFO - Frame 200/206 - Brightness: 45.44
2025-03-08 23:46:25,848 - INFO - Frame 201/206 - Brightness: 45.39
2025-03-08 23:46:25,867 - INFO - Frame 202/206 - Brightness: 45.32
2025-03-08 23:46:25,884 - INFO - Frame 203/206 - Brightness: 44.79
2025-03-08 23:46:25,901 - INFO - Frame 204/206 - Brightness: 47.67
2025-03-08 23:46:25,918 - INFO - Frame 205/206 - Brightness: 46.54
2025-03-09 10:30:21,978 - INFO - Frame 0/206 - Brightness: 17.23
2025-03-09 10:30:22,012 - INFO - Frame 1/206 - Brightness: 17.24
2025-03-09 10:30:22,035 - INFO - Frame 2/206 - Brightness: 17.42
2025-03-09 10:30:22,054 - INFO - Frame 3/206 - Brightness: 17.53
2025-03-09 10:30:22,073 - INFO - Frame 4/206 - Brightness: 17.77
2025-03-09 10:30:22,088 - INFO - Frame 5/206 - Brightness: 18.13
2025-03-09 10:30:22,104 - INFO - Frame 6/206 - Brightness: 18.58
2025-03-09 10:30:22,120 - INFO - Frame 7/206 - Brightness: 19.07
2025-03-09 10:30:22,138 - INFO - Frame 8/206 - Brightness: 19.52
2025-03-09 10:30:22,155 - INFO - Frame 9/206 - Brightness: 19.82
2025-03-09 10:30:22,171 - INFO - Frame 10/206 - Brightness: 19.92
2025-03-09 10:30:22,188 - INFO - Frame 11/206 - Brightness: 20.07
2025-03-09 10:30:22,204 - INFO - Frame 12/206 - Brightness: 20.31
2025-03-09 10:30:22,222 - INFO - Frame 13/206 - Brightness: 20.53
2025-03-09 10:30:22,241 - INFO - Frame 14/206 - Brightness: 20.79
2025-03-09 10:30:22,259 - INFO - Frame 15/206 - Brightness: 21.57
2025-03-09 10:30:22,277 - INFO - Frame 16/206 - Brightness: 21.85
2025-03-09 10:30:22,295 - INFO - Frame 17/206 - Brightness: 21.77
2025-03-09 10:30:22,313 - INFO - Frame 18/206 - Brightness: 21.54
2025-03-09 10:30:22,332 - INFO - Frame 19/206 - Brightness: 21.47
2025-03-09 10:30:22,347 - INFO - Frame 20/206 - Brightness: 21.60
2025-03-09 10:30:22,368 - INFO - Frame 21/206 - Brightness: 21.73
2025-03-09 10:30:22,390 - INFO - Frame 22/206 - Brightness: 21.72
2025-03-09 10:30:22,408 - INFO - Frame 23/206 - Brightness: 21.65
2025-03-09 10:30:22,428 - INFO - Frame 24/206 - Brightness: 21.63
2025-03-09 10:30:22,448 - INFO - Frame 25/206 - Brightness: 21.34
2025-03-09 10:30:22,465 - INFO - Frame 26/206 - Brightness: 21.74
2025-03-09 10:30:22,485 - INFO - Frame 27/206 - Brightness: 21.70
2025-03-09 10:30:22,503 - INFO - Frame 28/206 - Brightness: 22.03
2025-03-09 10:30:22,523 - INFO - Frame 29/206 - Brightness: 21.96
2025-03-09 10:30:22,543 - INFO - Frame 30/206 - Brightness: 22.17
2025-03-09 10:30:22,563 - INFO - Frame 31/206 - Brightness: 22.48
2025-03-09 10:30:22,583 - INFO - Frame 32/206 - Brightness: 22.83
2025-03-09 10:30:22,602 - INFO - Frame 33/206 - Brightness: 23.27
2025-03-09 10:30:22,622 - INFO - Frame 34/206 - Brightness: 23.22
2025-03-09 10:30:22,641 - INFO - Frame 35/206 - Brightness: 23.93
2025-03-09 10:30:22,661 - INFO - Frame 36/206 - Brightness: 24.45
2025-03-09 10:30:22,679 - INFO - Frame 37/206 - Brightness: 23.78
2025-03-09 10:30:22,698 - INFO - Frame 38/206 - Brightness: 23.38
2025-03-09 10:30:22,716 - INFO - Frame 39/206 - Brightness: 22.93
2025-03-09 10:30:22,733 - INFO - Frame 40/206 - Brightness: 22.86
2025-03-09 10:30:22,752 - INFO - Frame 41/206 - Brightness: 22.61
2025-03-09 10:30:22,769 - INFO - Frame 42/206 - Brightness: 22.28
2025-03-09 10:30:22,788 - INFO - Frame 43/206 - Brightness: 21.64
2025-03-09 10:30:22,807 - INFO - Frame 44/206 - Brightness: 21.39
2025-03-09 10:30:22,827 - INFO - Frame 45/206 - Brightness: 21.06
2025-03-09 10:30:22,842 - INFO - Frame 46/206 - Brightness: 21.39
2025-03-09 10:30:22,859 - INFO - Frame 47/206 - Brightness: 21.52
2025-03-09 10:30:22,876 - INFO - Frame 48/206 - Brightness: 21.78
2025-03-09 10:30:22,895 - INFO - Frame 49/206 - Brightness: 21.68
2025-03-09 10:30:22,915 - INFO - Frame 50/206 - Brightness: 21.57
2025-03-09 10:30:22,931 - INFO - Frame 51/206 - Brightness: 21.20
2025-03-09 10:30:22,951 - INFO - Frame 52/206 - Brightness: 21.42
2025-03-09 10:30:22,972 - INFO - Frame 53/206 - Brightness: 21.08
2025-03-09 10:30:22,992 - INFO - Frame 54/206 - Brightness: 21.26
2025-03-09 10:30:23,014 - INFO - Frame 55/206 - Brightness: 21.19
2025-03-09 10:30:23,032 - INFO - Frame 56/206 - Brightness: 21.20
2025-03-09 10:30:23,054 - INFO - Frame 57/206 - Brightness: 21.41
2025-03-09 10:30:23,073 - INFO - Frame 58/206 - Brightness: 21.42
2025-03-09 10:30:23,092 - INFO - Frame 59/206 - Brightness: 21.28
2025-03-09 10:30:23,110 - INFO - Frame 60/206 - Brightness: 21.24
2025-03-09 10:30:23,129 - INFO - Frame 61/206 - Brightness: 21.42
2025-03-09 10:30:23,149 - INFO - Frame 62/206 - Brightness: 21.39
2025-03-09 10:30:23,169 - INFO - Frame 63/206 - Brightness: 21.55
2025-03-09 10:30:23,192 - INFO - Frame 64/206 - Brightness: 21.41
2025-03-09 10:30:23,212 - INFO - Frame 65/206 - Brightness: 21.45
2025-03-09 10:30:23,232 - INFO - Frame 66/206 - Brightness: 21.57
2025-03-09 10:30:23,250 - INFO - Frame 67/206 - Brightness: 21.68
2025-03-09 10:30:23,267 - INFO - Frame 68/206 - Brightness: 21.87
2025-03-09 10:30:23,285 - INFO - Frame 69/206 - Brightness: 21.79
2025-03-09 10:30:23,307 - INFO - Frame 70/206 - Brightness: 22.05
2025-03-09 10:30:23,326 - INFO - Frame 71/206 - Brightness: 22.18
2025-03-09 10:30:23,345 - INFO - Frame 72/206 - Brightness: 21.59
2025-03-09 10:30:23,362 - INFO - Frame 73/206 - Brightness: 21.63
2025-03-09 10:30:23,380 - INFO - Frame 74/206 - Brightness: 21.34
2025-03-09 10:30:23,399 - INFO - Frame 75/206 - Brightness: 21.30
2025-03-09 10:30:23,417 - INFO - Frame 76/206 - Brightness: 21.03
2025-03-09 10:30:23,434 - INFO - Frame 77/206 - Brightness: 20.68
2025-03-09 10:30:23,452 - INFO - Frame 78/206 - Brightness: 20.47
2025-03-09 10:30:23,470 - INFO - Frame 79/206 - Brightness: 20.67
2025-03-09 10:30:23,487 - INFO - Frame 80/206 - Brightness: 20.52
2025-03-09 10:30:23,504 - INFO - Frame 81/206 - Brightness: 20.57
2025-03-09 10:30:23,522 - INFO - Frame 82/206 - Brightness: 19.94
2025-03-09 10:30:23,540 - INFO - Frame 83/206 - Brightness: 20.02
2025-03-09 10:30:23,557 - INFO - Frame 84/206 - Brightness: 19.87
2025-03-09 10:30:23,573 - INFO - Frame 85/206 - Brightness: 19.94
2025-03-09 10:30:23,592 - INFO - Frame 86/206 - Brightness: 19.82
2025-03-09 10:30:23,613 - INFO - Frame 87/206 - Brightness: 19.91
2025-03-09 10:30:23,632 - INFO - Frame 88/206 - Brightness: 19.76
2025-03-09 10:30:23,651 - INFO - Frame 89/206 - Brightness: 20.08
2025-03-09 10:30:23,669 - INFO - Frame 90/206 - Brightness: 19.98
2025-03-09 10:30:23,688 - INFO - Frame 91/206 - Brightness: 19.79
2025-03-09 10:30:23,709 - INFO - Frame 92/206 - Brightness: 19.65
2025-03-09 10:30:23,730 - INFO - Frame 93/206 - Brightness: 19.65
2025-03-09 10:30:23,751 - INFO - Frame 94/206 - Brightness: 19.55
2025-03-09 10:30:23,769 - INFO - Frame 95/206 - Brightness: 19.42
2025-03-09 10:30:23,790 - INFO - Frame 96/206 - Brightness: 19.79
2025-03-09 10:30:23,808 - INFO - Frame 97/206 - Brightness: 19.63
2025-03-09 10:30:23,830 - INFO - Frame 98/206 - Brightness: 19.54
2025-03-09 10:30:23,848 - INFO - Frame 99/206 - Brightness: 19.37
2025-03-09 10:30:23,864 - INFO - Frame 100/206 - Brightness: 19.33
2025-03-09 10:30:23,883 - INFO - Frame 101/206 - Brightness: 19.37
2025-03-09 10:30:23,901 - INFO - Frame 102/206 - Brightness: 19.44
2025-03-09 10:30:23,920 - INFO - Frame 103/206 - Brightness: 19.28
2025-03-09 10:30:23,937 - INFO - Frame 104/206 - Brightness: 19.85
2025-03-09 10:30:23,955 - INFO - Frame 105/206 - Brightness: 19.91
2025-03-09 10:30:23,974 - INFO - Frame 106/206 - Brightness: 19.48
2025-03-09 10:30:23,989 - INFO - Frame 107/206 - Brightness: 19.36
2025-03-09 10:30:24,009 - INFO - Frame 108/206 - Brightness: 19.73
2025-03-09 10:30:24,025 - INFO - Frame 109/206 - Brightness: 19.10
2025-03-09 10:30:24,042 - INFO - Frame 110/206 - Brightness: 19.11
2025-03-09 10:30:24,059 - INFO - Frame 111/206 - Brightness: 19.51
2025-03-09 10:30:24,076 - INFO - Frame 112/206 - Brightness: 19.23
2025-03-09 10:30:24,093 - INFO - Frame 113/206 - Brightness: 19.77
2025-03-09 10:30:24,109 - INFO - Frame 114/206 - Brightness: 19.99
2025-03-09 10:30:24,126 - INFO - Frame 115/206 - Brightness: 19.62
2025-03-09 10:30:24,143 - INFO - Frame 116/206 - Brightness: 20.03
2025-03-09 10:30:24,158 - INFO - Frame 117/206 - Brightness: 21.05
2025-03-09 10:30:24,174 - INFO - Frame 118/206 - Brightness: 22.93
2025-03-09 10:30:24,191 - INFO - Frame 119/206 - Brightness: 24.57
2025-03-09 10:30:24,208 - INFO - Frame 120/206 - Brightness: 25.66
2025-03-09 10:30:24,224 - INFO - Frame 121/206 - Brightness: 27.77
2025-03-09 10:30:24,242 - INFO - Frame 122/206 - Brightness: 28.33
2025-03-09 10:30:24,259 - INFO - Frame 123/206 - Brightness: 29.76
2025-03-09 10:30:24,278 - INFO - Frame 124/206 - Brightness: 29.98
2025-03-09 10:30:24,296 - INFO - Frame 125/206 - Brightness: 31.52
2025-03-09 10:30:24,314 - INFO - Frame 126/206 - Brightness: 31.31
2025-03-09 10:30:24,330 - INFO - Frame 127/206 - Brightness: 31.09
2025-03-09 10:30:24,346 - INFO - Frame 128/206 - Brightness: 31.31
2025-03-09 10:30:24,363 - INFO - Frame 129/206 - Brightness: 31.20
2025-03-09 10:30:24,382 - INFO - Frame 130/206 - Brightness: 31.02
2025-03-09 10:30:24,401 - INFO - Frame 131/206 - Brightness: 31.08
2025-03-09 10:30:24,419 - INFO - Frame 132/206 - Brightness: 32.21
2025-03-09 10:30:24,435 - INFO - Frame 133/206 - Brightness: 32.39
2025-03-09 10:30:24,451 - INFO - Frame 134/206 - Brightness: 31.68
2025-03-09 10:30:24,468 - INFO - Frame 135/206 - Brightness: 32.94
2025-03-09 10:30:24,484 - INFO - Frame 136/206 - Brightness: 32.88
2025-03-09 10:30:24,501 - INFO - Frame 137/206 - Brightness: 34.01
2025-03-09 10:30:24,520 - INFO - Frame 138/206 - Brightness: 33.91
2025-03-09 10:30:24,538 - INFO - Frame 139/206 - Brightness: 34.60
2025-03-09 10:30:24,554 - INFO - Frame 140/206 - Brightness: 34.11
2025-03-09 10:30:24,573 - INFO - Frame 141/206 - Brightness: 34.51
2025-03-09 10:30:24,590 - INFO - Frame 142/206 - Brightness: 34.23
2025-03-09 10:30:24,608 - INFO - Frame 143/206 - Brightness: 34.63
2025-03-09 10:30:24,625 - INFO - Frame 144/206 - Brightness: 35.47
2025-03-09 10:30:24,642 - INFO - Frame 145/206 - Brightness: 35.35
2025-03-09 10:30:24,664 - INFO - Frame 146/206 - Brightness: 36.29
2025-03-09 10:30:24,683 - INFO - Frame 147/206 - Brightness: 36.77
2025-03-09 10:30:24,702 - INFO - Frame 148/206 - Brightness: 37.56
2025-03-09 10:30:24,721 - INFO - Frame 149/206 - Brightness: 38.64
2025-03-09 10:30:24,741 - INFO - Frame 150/206 - Brightness: 38.77
2025-03-09 10:30:24,760 - INFO - Frame 151/206 - Brightness: 40.29
2025-03-09 10:30:24,778 - INFO - Frame 152/206 - Brightness: 41.02
2025-03-09 10:30:24,795 - INFO - Frame 153/206 - Brightness: 42.16
2025-03-09 10:30:24,812 - INFO - Frame 154/206 - Brightness: 42.25
2025-03-09 10:30:24,830 - INFO - Frame 155/206 - Brightness: 43.81
2025-03-09 10:30:24,849 - INFO - Frame 156/206 - Brightness: 44.06
2025-03-09 10:30:24,867 - INFO - Frame 157/206 - Brightness: 45.36
2025-03-09 10:30:24,888 - INFO - Frame 158/206 - Brightness: 45.29
2025-03-09 10:30:24,908 - INFO - Frame 159/206 - Brightness: 47.50
2025-03-09 10:30:24,926 - INFO - Frame 160/206 - Brightness: 47.86
2025-03-09 10:30:24,947 - INFO - Frame 161/206 - Brightness: 47.71
2025-03-09 10:30:24,966 - INFO - Frame 162/206 - Brightness: 47.95
2025-03-09 10:30:24,985 - INFO - Frame 163/206 - Brightness: 49.14
2025-03-09 10:30:25,002 - INFO - Frame 164/206 - Brightness: 48.44
2025-03-09 10:30:25,021 - INFO - Frame 165/206 - Brightness: 50.54
2025-03-09 10:30:25,038 - INFO - Frame 166/206 - Brightness: 50.63
2025-03-09 10:30:25,058 - INFO - Frame 167/206 - Brightness: 50.62
2025-03-09 10:30:25,074 - INFO - Frame 168/206 - Brightness: 50.76
2025-03-09 10:30:25,092 - INFO - Frame 169/206 - Brightness: 49.73
2025-03-09 10:30:25,110 - INFO - Frame 170/206 - Brightness: 50.72
2025-03-09 10:30:25,128 - INFO - Frame 171/206 - Brightness: 50.54
2025-03-09 10:30:25,146 - INFO - Frame 172/206 - Brightness: 51.69
2025-03-09 10:30:25,166 - INFO - Frame 173/206 - Brightness: 51.45
2025-03-09 10:30:25,183 - INFO - Frame 174/206 - Brightness: 52.72
2025-03-09 10:30:25,200 - INFO - Frame 175/206 - Brightness: 52.52
2025-03-09 10:30:25,217 - INFO - Frame 176/206 - Brightness: 52.61
2025-03-09 10:30:25,238 - INFO - Frame 177/206 - Brightness: 52.92
2025-03-09 10:30:25,256 - INFO - Frame 178/206 - Brightness: 52.93
2025-03-09 10:30:25,275 - INFO - Frame 179/206 - Brightness: 53.54
2025-03-09 10:30:25,292 - INFO - Frame 180/206 - Brightness: 53.24
2025-03-09 10:30:25,306 - INFO - Frame 181/206 - Brightness: 52.42
2025-03-09 10:30:25,331 - INFO - Frame 182/206 - Brightness: 51.68
2025-03-09 10:30:25,355 - INFO - Frame 183/206 - Brightness: 51.66
2025-03-09 10:30:25,372 - INFO - Frame 184/206 - Brightness: 50.74
2025-03-09 10:30:25,390 - INFO - Frame 185/206 - Brightness: 49.69
2025-03-09 10:30:25,409 - INFO - Frame 186/206 - Brightness: 49.10
2025-03-09 10:30:25,425 - INFO - Frame 187/206 - Brightness: 48.66
2025-03-09 10:30:25,441 - INFO - Frame 188/206 - Brightness: 48.85
2025-03-09 10:30:25,456 - INFO - Frame 189/206 - Brightness: 49.77
2025-03-09 10:30:25,473 - INFO - Frame 190/206 - Brightness: 48.58
2025-03-09 10:30:25,491 - INFO - Frame 191/206 - Brightness: 47.81
2025-03-09 10:30:25,508 - INFO - Frame 192/206 - Brightness: 47.43
2025-03-09 10:30:25,526 - INFO - Frame 193/206 - Brightness: 47.66
2025-03-09 10:30:25,543 - INFO - Frame 194/206 - Brightness: 46.58
2025-03-09 10:30:25,558 - INFO - Frame 195/206 - Brightness: 45.97
2025-03-09 10:30:25,576 - INFO - Frame 196/206 - Brightness: 45.74
2025-03-09 10:30:25,594 - INFO - Frame 197/206 - Brightness: 45.48
2025-03-09 10:30:25,611 - INFO - Frame 198/206 - Brightness: 45.47
2025-03-09 10:30:25,629 - INFO - Frame 199/206 - Brightness: 46.28
2025-03-09 10:30:25,647 - INFO - Frame 200/206 - Brightness: 45.44
2025-03-09 10:30:25,663 - INFO - Frame 201/206 - Brightness: 45.39
2025-03-09 10:30:25,680 - INFO - Frame 202/206 - Brightness: 45.32
2025-03-09 10:30:25,696 - INFO - Frame 203/206 - Brightness: 44.79
2025-03-09 10:30:25,712 - INFO - Frame 204/206 - Brightness: 47.67
2025-03-09 10:30:25,728 - INFO - Frame 205/206 - Brightness: 46.54
2025-03-09 10:30:44,883 - ERROR - Exception in callback _ProactorBasePipeTransport._call_connection_lost(None)
handle: <Handle _ProactorBasePipeTransport._call_connection_lost(None)>
Traceback (most recent call last):
  File "C:\Users\bibha\AppData\Local\Programs\Python\Python310\lib\asyncio\events.py", line 80, in _run
    self._context.run(self._callback, *self._args)
  File "C:\Users\bibha\AppData\Local\Programs\Python\Python310\lib\asyncio\proactor_events.py", line 162, in _call_connection_lost
    self._sock.shutdown(socket.SHUT_RDWR)
ConnectionResetError: [WinError 10054] An existing connection was forcibly closed by the remote host
2025-03-09 10:32:23,810 - INFO - Frame 0/206 - Brightness: 34.17
2025-03-09 10:32:23,829 - INFO - Frame 1/206 - Brightness: 34.11
2025-03-09 10:32:23,850 - INFO - Frame 2/206 - Brightness: 34.41
2025-03-09 10:32:23,867 - INFO - Frame 3/206 - Brightness: 34.49
2025-03-09 10:32:23,886 - INFO - Frame 4/206 - Brightness: 34.90
2025-03-09 10:32:23,905 - INFO - Frame 5/206 - Brightness: 35.26
2025-03-09 10:32:23,924 - INFO - Frame 6/206 - Brightness: 35.65
2025-03-09 10:32:23,946 - INFO - Frame 7/206 - Brightness: 36.21
2025-03-09 10:32:23,965 - INFO - Frame 8/206 - Brightness: 36.67
2025-03-09 10:32:23,985 - INFO - Frame 9/206 - Brightness: 36.87
2025-03-09 10:32:24,004 - INFO - Frame 10/206 - Brightness: 37.08
2025-03-09 10:32:24,023 - INFO - Frame 11/206 - Brightness: 37.20
2025-03-09 10:32:24,039 - INFO - Frame 12/206 - Brightness: 37.63
2025-03-09 10:32:24,054 - INFO - Frame 13/206 - Brightness: 38.00
2025-03-09 10:32:24,075 - INFO - Frame 14/206 - Brightness: 38.46
2025-03-09 10:32:24,095 - INFO - Frame 15/206 - Brightness: 39.41
2025-03-09 10:32:24,113 - INFO - Frame 16/206 - Brightness: 39.91
2025-03-09 10:32:24,133 - INFO - Frame 17/206 - Brightness: 39.69
2025-03-09 10:32:24,153 - INFO - Frame 18/206 - Brightness: 39.64
2025-03-09 10:32:24,173 - INFO - Frame 19/206 - Brightness: 39.58
2025-03-09 10:32:24,194 - INFO - Frame 20/206 - Brightness: 39.92
2025-03-09 10:32:24,220 - INFO - Frame 21/206 - Brightness: 40.11
2025-03-09 10:32:24,241 - INFO - Frame 22/206 - Brightness: 40.20
2025-03-09 10:32:24,260 - INFO - Frame 23/206 - Brightness: 40.13
2025-03-09 10:32:24,282 - INFO - Frame 24/206 - Brightness: 40.18
2025-03-09 10:32:24,304 - INFO - Frame 25/206 - Brightness: 39.48
2025-03-09 10:32:24,326 - INFO - Frame 26/206 - Brightness: 40.36
2025-03-09 10:32:24,345 - INFO - Frame 27/206 - Brightness: 40.52
2025-03-09 10:32:24,365 - INFO - Frame 28/206 - Brightness: 41.09
2025-03-09 10:32:24,387 - INFO - Frame 29/206 - Brightness: 41.24
2025-03-09 10:32:24,408 - INFO - Frame 30/206 - Brightness: 41.66
2025-03-09 10:32:24,430 - INFO - Frame 31/206 - Brightness: 41.57
2025-03-09 10:32:24,452 - INFO - Frame 32/206 - Brightness: 42.13
2025-03-09 10:32:24,473 - INFO - Frame 33/206 - Brightness: 42.50
2025-03-09 10:32:24,493 - INFO - Frame 34/206 - Brightness: 41.49
2025-03-09 10:32:24,515 - INFO - Frame 35/206 - Brightness: 41.88
2025-03-09 10:32:24,535 - INFO - Frame 36/206 - Brightness: 42.48
2025-03-09 10:32:24,553 - INFO - Frame 37/206 - Brightness: 41.66
2025-03-09 10:32:24,574 - INFO - Frame 38/206 - Brightness: 41.20
2025-03-09 10:32:24,593 - INFO - Frame 39/206 - Brightness: 41.00
2025-03-09 10:32:24,611 - INFO - Frame 40/206 - Brightness: 41.27
2025-03-09 10:32:24,631 - INFO - Frame 41/206 - Brightness: 41.30
2025-03-09 10:32:24,651 - INFO - Frame 42/206 - Brightness: 41.06
2025-03-09 10:32:24,670 - INFO - Frame 43/206 - Brightness: 40.36
2025-03-09 10:32:24,689 - INFO - Frame 44/206 - Brightness: 40.13
2025-03-09 10:32:24,709 - INFO - Frame 45/206 - Brightness: 39.71
2025-03-09 10:32:24,730 - INFO - Frame 46/206 - Brightness: 40.25
2025-03-09 10:32:24,750 - INFO - Frame 47/206 - Brightness: 40.32
2025-03-09 10:32:24,770 - INFO - Frame 48/206 - Brightness: 40.75
2025-03-09 10:32:24,787 - INFO - Frame 49/206 - Brightness: 40.51
2025-03-09 10:32:24,808 - INFO - Frame 50/206 - Brightness: 40.26
2025-03-09 10:32:24,829 - INFO - Frame 51/206 - Brightness: 39.75
2025-03-09 10:32:24,848 - INFO - Frame 52/206 - Brightness: 40.07
2025-03-09 10:32:24,865 - INFO - Frame 53/206 - Brightness: 39.36
2025-03-09 10:32:24,883 - INFO - Frame 54/206 - Brightness: 39.49
2025-03-09 10:32:24,903 - INFO - Frame 55/206 - Brightness: 39.23
2025-03-09 10:32:24,921 - INFO - Frame 56/206 - Brightness: 38.90
2025-03-09 10:32:24,943 - INFO - Frame 57/206 - Brightness: 39.05
2025-03-09 10:32:24,960 - INFO - Frame 58/206 - Brightness: 38.75
2025-03-09 10:32:24,980 - INFO - Frame 59/206 - Brightness: 37.99
2025-03-09 10:32:24,999 - INFO - Frame 60/206 - Brightness: 37.92
2025-03-09 10:32:25,017 - INFO - Frame 61/206 - Brightness: 38.07
2025-03-09 10:32:25,035 - INFO - Frame 62/206 - Brightness: 38.21
2025-03-09 10:32:25,057 - INFO - Frame 63/206 - Brightness: 38.48
2025-03-09 10:32:25,075 - INFO - Frame 64/206 - Brightness: 38.87
2025-03-09 10:32:25,095 - INFO - Frame 65/206 - Brightness: 38.88
2025-03-09 10:32:25,117 - INFO - Frame 66/206 - Brightness: 38.98
2025-03-09 10:32:25,136 - INFO - Frame 67/206 - Brightness: 38.59
2025-03-09 10:32:25,154 - INFO - Frame 68/206 - Brightness: 38.78
2025-03-09 10:32:25,174 - INFO - Frame 69/206 - Brightness: 38.37
2025-03-09 10:32:25,191 - INFO - Frame 70/206 - Brightness: 38.36
2025-03-09 10:32:25,212 - INFO - Frame 71/206 - Brightness: 38.73
2025-03-09 10:32:25,233 - INFO - Frame 72/206 - Brightness: 38.00
2025-03-09 10:32:25,250 - INFO - Frame 73/206 - Brightness: 37.92
2025-03-09 10:32:25,270 - INFO - Frame 74/206 - Brightness: 37.86
2025-03-09 10:32:25,289 - INFO - Frame 75/206 - Brightness: 38.13
2025-03-09 10:32:25,307 - INFO - Frame 76/206 - Brightness: 37.91
2025-03-09 10:32:25,326 - INFO - Frame 77/206 - Brightness: 37.58
2025-03-09 10:32:25,347 - INFO - Frame 78/206 - Brightness: 37.46
2025-03-09 10:32:25,366 - INFO - Frame 79/206 - Brightness: 37.73
2025-03-09 10:32:25,386 - INFO - Frame 80/206 - Brightness: 37.67
2025-03-09 10:32:25,404 - INFO - Frame 81/206 - Brightness: 37.42
2025-03-09 10:32:25,423 - INFO - Frame 82/206 - Brightness: 36.37
2025-03-09 10:32:25,443 - INFO - Frame 83/206 - Brightness: 36.33
2025-03-09 10:32:25,462 - INFO - Frame 84/206 - Brightness: 35.97
2025-03-09 10:32:25,481 - INFO - Frame 85/206 - Brightness: 35.93
2025-03-09 10:32:25,502 - INFO - Frame 86/206 - Brightness: 35.72
2025-03-09 10:32:25,527 - INFO - Frame 87/206 - Brightness: 35.41
2025-03-09 10:32:25,550 - INFO - Frame 88/206 - Brightness: 35.12
2025-03-09 10:32:25,570 - INFO - Frame 89/206 - Brightness: 36.10
2025-03-09 10:32:25,590 - INFO - Frame 90/206 - Brightness: 36.31
2025-03-09 10:32:25,611 - INFO - Frame 91/206 - Brightness: 36.44
2025-03-09 10:32:25,630 - INFO - Frame 92/206 - Brightness: 36.70
2025-03-09 10:32:25,651 - INFO - Frame 93/206 - Brightness: 36.83
2025-03-09 10:32:25,671 - INFO - Frame 94/206 - Brightness: 36.79
2025-03-09 10:32:25,692 - INFO - Frame 95/206 - Brightness: 36.45
2025-03-09 10:32:25,711 - INFO - Frame 96/206 - Brightness: 36.54
2025-03-09 10:32:25,731 - INFO - Frame 97/206 - Brightness: 35.86
2025-03-09 10:32:25,749 - INFO - Frame 98/206 - Brightness: 35.60
2025-03-09 10:32:25,769 - INFO - Frame 99/206 - Brightness: 35.19
2025-03-09 10:32:25,791 - INFO - Frame 100/206 - Brightness: 34.83
2025-03-09 10:32:25,809 - INFO - Frame 101/206 - Brightness: 34.82
2025-03-09 10:32:25,827 - INFO - Frame 102/206 - Brightness: 34.91
2025-03-09 10:32:25,846 - INFO - Frame 103/206 - Brightness: 35.30
2025-03-09 10:32:25,866 - INFO - Frame 104/206 - Brightness: 36.57
2025-03-09 10:32:25,886 - INFO - Frame 105/206 - Brightness: 36.66
2025-03-09 10:32:25,905 - INFO - Frame 106/206 - Brightness: 35.49
2025-03-09 10:32:25,925 - INFO - Frame 107/206 - Brightness: 33.82
2025-03-09 10:32:25,945 - INFO - Frame 108/206 - Brightness: 33.68
2025-03-09 10:32:25,962 - INFO - Frame 109/206 - Brightness: 33.41
2025-03-09 10:32:25,980 - INFO - Frame 110/206 - Brightness: 33.77
2025-03-09 10:32:26,000 - INFO - Frame 111/206 - Brightness: 34.35
2025-03-09 10:32:26,018 - INFO - Frame 112/206 - Brightness: 33.75
2025-03-09 10:32:26,037 - INFO - Frame 113/206 - Brightness: 34.49
2025-03-09 10:32:26,054 - INFO - Frame 114/206 - Brightness: 34.79
2025-03-09 10:32:26,073 - INFO - Frame 115/206 - Brightness: 34.30
2025-03-09 10:32:26,095 - INFO - Frame 116/206 - Brightness: 34.73
2025-03-09 10:32:26,114 - INFO - Frame 117/206 - Brightness: 35.45
2025-03-09 10:32:26,134 - INFO - Frame 118/206 - Brightness: 37.70
2025-03-09 10:32:26,151 - INFO - Frame 119/206 - Brightness: 39.61
2025-03-09 10:32:26,170 - INFO - Frame 120/206 - Brightness: 41.73
2025-03-09 10:32:26,190 - INFO - Frame 121/206 - Brightness: 45.11
2025-03-09 10:32:26,207 - INFO - Frame 122/206 - Brightness: 45.75
2025-03-09 10:32:26,225 - INFO - Frame 123/206 - Brightness: 47.83
2025-03-09 10:32:26,245 - INFO - Frame 124/206 - Brightness: 48.52
2025-03-09 10:32:26,269 - INFO - Frame 125/206 - Brightness: 50.71
2025-03-09 10:32:26,290 - INFO - Frame 126/206 - Brightness: 50.86
2025-03-09 10:32:26,309 - INFO - Frame 127/206 - Brightness: 50.43
2025-03-09 10:32:26,327 - INFO - Frame 128/206 - Brightness: 50.83
2025-03-09 10:32:26,349 - INFO - Frame 129/206 - Brightness: 50.49
2025-03-09 10:32:26,366 - INFO - Frame 130/206 - Brightness: 50.30
2025-03-09 10:32:26,386 - INFO - Frame 131/206 - Brightness: 49.76
2025-03-09 10:32:26,405 - INFO - Frame 132/206 - Brightness: 50.76
2025-03-09 10:32:26,423 - INFO - Frame 133/206 - Brightness: 50.92
2025-03-09 10:32:26,441 - INFO - Frame 134/206 - Brightness: 50.34
2025-03-09 10:32:26,459 - INFO - Frame 135/206 - Brightness: 52.11
2025-03-09 10:32:26,480 - INFO - Frame 136/206 - Brightness: 51.91
2025-03-09 10:32:26,498 - INFO - Frame 137/206 - Brightness: 53.49
2025-03-09 10:32:26,518 - INFO - Frame 138/206 - Brightness: 53.06
2025-03-09 10:32:26,535 - INFO - Frame 139/206 - Brightness: 53.43
2025-03-09 10:32:26,557 - INFO - Frame 140/206 - Brightness: 52.95
2025-03-09 10:32:26,577 - INFO - Frame 141/206 - Brightness: 53.70
2025-03-09 10:32:26,595 - INFO - Frame 142/206 - Brightness: 53.12
2025-03-09 10:32:26,615 - INFO - Frame 143/206 - Brightness: 53.57
2025-03-09 10:32:26,634 - INFO - Frame 144/206 - Brightness: 54.62
2025-03-09 10:32:26,649 - INFO - Frame 145/206 - Brightness: 54.34
2025-03-09 10:32:26,668 - INFO - Frame 146/206 - Brightness: 55.54
2025-03-09 10:32:26,691 - INFO - Frame 147/206 - Brightness: 55.57
2025-03-09 10:32:26,709 - INFO - Frame 148/206 - Brightness: 55.67
2025-03-09 10:32:26,731 - INFO - Frame 149/206 - Brightness: 55.95
2025-03-09 10:32:26,751 - INFO - Frame 150/206 - Brightness: 56.49
2025-03-09 10:32:26,772 - INFO - Frame 151/206 - Brightness: 58.20
2025-03-09 10:32:26,791 - INFO - Frame 152/206 - Brightness: 58.56
2025-03-09 10:32:26,809 - INFO - Frame 153/206 - Brightness: 60.25
2025-03-09 10:32:26,826 - INFO - Frame 154/206 - Brightness: 60.17
2025-03-09 10:32:26,845 - INFO - Frame 155/206 - Brightness: 62.00
2025-03-09 10:32:26,863 - INFO - Frame 156/206 - Brightness: 62.27
2025-03-09 10:32:26,881 - INFO - Frame 157/206 - Brightness: 63.46
2025-03-09 10:32:26,900 - INFO - Frame 158/206 - Brightness: 63.80
2025-03-09 10:32:26,919 - INFO - Frame 159/206 - Brightness: 67.18
2025-03-09 10:32:26,935 - INFO - Frame 160/206 - Brightness: 67.57
2025-03-09 10:32:26,953 - INFO - Frame 161/206 - Brightness: 66.74
2025-03-09 10:32:26,970 - INFO - Frame 162/206 - Brightness: 66.15
2025-03-09 10:32:26,991 - INFO - Frame 163/206 - Brightness: 68.90
2025-03-09 10:32:27,010 - INFO - Frame 164/206 - Brightness: 69.42
2025-03-09 10:32:27,033 - INFO - Frame 165/206 - Brightness: 71.73
2025-03-09 10:32:27,051 - INFO - Frame 166/206 - Brightness: 70.41
2025-03-09 10:32:27,073 - INFO - Frame 167/206 - Brightness: 70.21
2025-03-09 10:32:27,090 - INFO - Frame 168/206 - Brightness: 71.75
2025-03-09 10:32:27,110 - INFO - Frame 169/206 - Brightness: 72.53
2025-03-09 10:32:27,131 - INFO - Frame 170/206 - Brightness: 74.42
2025-03-09 10:32:27,151 - INFO - Frame 171/206 - Brightness: 74.58
2025-03-09 10:32:27,171 - INFO - Frame 172/206 - Brightness: 75.43
2025-03-09 10:32:27,189 - INFO - Frame 173/206 - Brightness: 74.89
2025-03-09 10:32:27,210 - INFO - Frame 174/206 - Brightness: 76.25
2025-03-09 10:32:27,228 - INFO - Frame 175/206 - Brightness: 76.04
2025-03-09 10:32:27,245 - INFO - Frame 176/206 - Brightness: 76.68
2025-03-09 10:32:27,266 - INFO - Frame 177/206 - Brightness: 78.14
2025-03-09 10:32:27,284 - INFO - Frame 178/206 - Brightness: 79.63
2025-03-09 10:32:27,304 - INFO - Frame 179/206 - Brightness: 81.04
2025-03-09 10:32:27,325 - INFO - Frame 180/206 - Brightness: 80.72
2025-03-09 10:32:27,341 - INFO - Frame 181/206 - Brightness: 79.71
2025-03-09 10:32:27,358 - INFO - Frame 182/206 - Brightness: 78.59
2025-03-09 10:32:27,378 - INFO - Frame 183/206 - Brightness: 78.08
2025-03-09 10:32:27,399 - INFO - Frame 184/206 - Brightness: 77.10
2025-03-09 10:32:27,419 - INFO - Frame 185/206 - Brightness: 76.05
2025-03-09 10:32:27,440 - INFO - Frame 186/206 - Brightness: 75.26
2025-03-09 10:32:27,459 - INFO - Frame 187/206 - Brightness: 75.05
2025-03-09 10:32:27,479 - INFO - Frame 188/206 - Brightness: 75.02
2025-03-09 10:32:27,498 - INFO - Frame 189/206 - Brightness: 75.61
2025-03-09 10:32:27,519 - INFO - Frame 190/206 - Brightness: 74.22
2025-03-09 10:32:27,540 - INFO - Frame 191/206 - Brightness: 73.35
2025-03-09 10:32:27,560 - INFO - Frame 192/206 - Brightness: 72.85
2025-03-09 10:32:27,576 - INFO - Frame 193/206 - Brightness: 72.57
2025-03-09 10:32:27,597 - INFO - Frame 194/206 - Brightness: 71.36
2025-03-09 10:32:27,616 - INFO - Frame 195/206 - Brightness: 71.02
2025-03-09 10:32:27,635 - INFO - Frame 196/206 - Brightness: 70.98
2025-03-09 10:32:27,652 - INFO - Frame 197/206 - Brightness: 70.97
2025-03-09 10:32:27,671 - INFO - Frame 198/206 - Brightness: 70.98
2025-03-09 10:32:27,689 - INFO - Frame 199/206 - Brightness: 71.77
2025-03-09 10:32:27,712 - INFO - Frame 200/206 - Brightness: 71.26
2025-03-09 10:32:27,732 - INFO - Frame 201/206 - Brightness: 71.17
2025-03-09 10:32:27,753 - INFO - Frame 202/206 - Brightness: 71.31
2025-03-09 10:32:27,773 - INFO - Frame 203/206 - Brightness: 70.80
2025-03-09 10:32:27,793 - INFO - Frame 204/206 - Brightness: 72.69
2025-03-09 10:32:27,811 - INFO - Frame 205/206 - Brightness: 71.54
2025-03-09 11:23:23,790 - INFO - Frame 0/206 - Brightness: 17.23
2025-03-09 11:23:23,812 - INFO - Frame 1/206 - Brightness: 17.24
2025-03-09 11:23:23,831 - INFO - Frame 2/206 - Brightness: 17.42
2025-03-09 11:23:23,847 - INFO - Frame 3/206 - Brightness: 17.53
2025-03-09 11:23:23,862 - INFO - Frame 4/206 - Brightness: 17.77
2025-03-09 11:23:23,877 - INFO - Frame 5/206 - Brightness: 18.13
2025-03-09 11:23:23,893 - INFO - Frame 6/206 - Brightness: 18.58
2025-03-09 11:23:23,908 - INFO - Frame 7/206 - Brightness: 19.07
2025-03-09 11:23:23,924 - INFO - Frame 8/206 - Brightness: 19.52
2025-03-09 11:23:23,939 - INFO - Frame 9/206 - Brightness: 19.82
2025-03-09 11:23:23,955 - INFO - Frame 10/206 - Brightness: 19.92
2025-03-09 11:23:23,971 - INFO - Frame 11/206 - Brightness: 20.07
2025-03-09 11:23:23,987 - INFO - Frame 12/206 - Brightness: 20.31
2025-03-09 11:23:24,002 - INFO - Frame 13/206 - Brightness: 20.53
2025-03-09 11:23:24,017 - INFO - Frame 14/206 - Brightness: 20.79
2025-03-09 11:23:24,033 - INFO - Frame 15/206 - Brightness: 21.57
2025-03-09 11:23:24,048 - INFO - Frame 16/206 - Brightness: 21.85
2025-03-09 11:23:24,066 - INFO - Frame 17/206 - Brightness: 21.77
2025-03-09 11:23:24,083 - INFO - Frame 18/206 - Brightness: 21.54
2025-03-09 11:23:24,101 - INFO - Frame 19/206 - Brightness: 21.47
2025-03-09 11:23:24,119 - INFO - Frame 20/206 - Brightness: 21.60
2025-03-09 11:23:24,137 - INFO - Frame 21/206 - Brightness: 21.73
2025-03-09 11:23:24,154 - INFO - Frame 22/206 - Brightness: 21.72
2025-03-09 11:23:24,172 - INFO - Frame 23/206 - Brightness: 21.65
2025-03-09 11:23:24,191 - INFO - Frame 24/206 - Brightness: 21.63
2025-03-09 11:23:24,207 - INFO - Frame 25/206 - Brightness: 21.34
2025-03-09 11:23:24,224 - INFO - Frame 26/206 - Brightness: 21.74
2025-03-09 11:23:24,241 - INFO - Frame 27/206 - Brightness: 21.70
2025-03-09 11:23:24,257 - INFO - Frame 28/206 - Brightness: 22.03
2025-03-09 11:23:24,273 - INFO - Frame 29/206 - Brightness: 21.96
2025-03-09 11:23:24,290 - INFO - Frame 30/206 - Brightness: 22.17
2025-03-09 11:23:24,305 - INFO - Frame 31/206 - Brightness: 22.48
2025-03-09 11:23:24,322 - INFO - Frame 32/206 - Brightness: 22.83
2025-03-09 11:23:24,340 - INFO - Frame 33/206 - Brightness: 23.27
2025-03-09 11:23:24,356 - INFO - Frame 34/206 - Brightness: 23.22
2025-03-09 11:23:24,373 - INFO - Frame 35/206 - Brightness: 23.93
2025-03-09 11:23:24,390 - INFO - Frame 36/206 - Brightness: 24.45
2025-03-09 11:23:24,406 - INFO - Frame 37/206 - Brightness: 23.78
2025-03-09 11:23:24,423 - INFO - Frame 38/206 - Brightness: 23.38
2025-03-09 11:23:24,438 - INFO - Frame 39/206 - Brightness: 22.93
2025-03-09 11:23:24,455 - INFO - Frame 40/206 - Brightness: 22.86
2025-03-09 11:23:24,472 - INFO - Frame 41/206 - Brightness: 22.61
2025-03-09 11:23:24,488 - INFO - Frame 42/206 - Brightness: 22.28
2025-03-09 11:23:24,504 - INFO - Frame 43/206 - Brightness: 21.64
2025-03-09 11:23:24,521 - INFO - Frame 44/206 - Brightness: 21.39
2025-03-09 11:23:24,538 - INFO - Frame 45/206 - Brightness: 21.06
2025-03-09 11:23:24,555 - INFO - Frame 46/206 - Brightness: 21.39
2025-03-09 11:23:24,573 - INFO - Frame 47/206 - Brightness: 21.52
2025-03-09 11:23:24,591 - INFO - Frame 48/206 - Brightness: 21.78
2025-03-09 11:23:24,609 - INFO - Frame 49/206 - Brightness: 21.68
2025-03-09 11:23:24,627 - INFO - Frame 50/206 - Brightness: 21.57
2025-03-09 11:23:24,646 - INFO - Frame 51/206 - Brightness: 21.20
2025-03-09 11:23:24,666 - INFO - Frame 52/206 - Brightness: 21.42
2025-03-09 11:23:24,682 - INFO - Frame 53/206 - Brightness: 21.08
2025-03-09 11:23:24,701 - INFO - Frame 54/206 - Brightness: 21.26
2025-03-09 11:23:24,721 - INFO - Frame 55/206 - Brightness: 21.19
2025-03-09 11:23:24,739 - INFO - Frame 56/206 - Brightness: 21.20
2025-03-09 11:23:24,758 - INFO - Frame 57/206 - Brightness: 21.41
2025-03-09 11:23:24,775 - INFO - Frame 58/206 - Brightness: 21.42
2025-03-09 11:23:24,793 - INFO - Frame 59/206 - Brightness: 21.28
2025-03-09 11:23:24,811 - INFO - Frame 60/206 - Brightness: 21.24
2025-03-09 11:23:24,827 - INFO - Frame 61/206 - Brightness: 21.42
2025-03-09 11:23:24,844 - INFO - Frame 62/206 - Brightness: 21.39
2025-03-09 11:23:24,859 - INFO - Frame 63/206 - Brightness: 21.55
2025-03-09 11:23:24,878 - INFO - Frame 64/206 - Brightness: 21.41
2025-03-09 11:23:24,894 - INFO - Frame 65/206 - Brightness: 21.45
2025-03-09 11:23:24,910 - INFO - Frame 66/206 - Brightness: 21.57
2025-03-09 11:23:24,927 - INFO - Frame 67/206 - Brightness: 21.68
2025-03-09 11:23:24,944 - INFO - Frame 68/206 - Brightness: 21.87
2025-03-09 11:23:24,963 - INFO - Frame 69/206 - Brightness: 21.79
2025-03-09 11:23:24,980 - INFO - Frame 70/206 - Brightness: 22.05
2025-03-09 11:23:24,997 - INFO - Frame 71/206 - Brightness: 22.18
2025-03-09 11:23:25,014 - INFO - Frame 72/206 - Brightness: 21.59
2025-03-09 11:23:25,029 - INFO - Frame 73/206 - Brightness: 21.63
2025-03-09 11:23:25,047 - INFO - Frame 74/206 - Brightness: 21.34
2025-03-09 11:23:25,064 - INFO - Frame 75/206 - Brightness: 21.30
2025-03-09 11:23:25,082 - INFO - Frame 76/206 - Brightness: 21.03
2025-03-09 11:23:25,099 - INFO - Frame 77/206 - Brightness: 20.68
2025-03-09 11:23:25,117 - INFO - Frame 78/206 - Brightness: 20.47
2025-03-09 11:23:25,133 - INFO - Frame 79/206 - Brightness: 20.67
2025-03-09 11:23:25,151 - INFO - Frame 80/206 - Brightness: 20.52
2025-03-09 11:23:25,169 - INFO - Frame 81/206 - Brightness: 20.57
2025-03-09 11:23:25,189 - INFO - Frame 82/206 - Brightness: 19.94
2025-03-09 11:23:25,206 - INFO - Frame 83/206 - Brightness: 20.02
2025-03-09 11:23:25,222 - INFO - Frame 84/206 - Brightness: 19.87
2025-03-09 11:23:25,238 - INFO - Frame 85/206 - Brightness: 19.94
2025-03-09 11:23:25,255 - INFO - Frame 86/206 - Brightness: 19.82
2025-03-09 11:23:25,272 - INFO - Frame 87/206 - Brightness: 19.91
2025-03-09 11:23:25,289 - INFO - Frame 88/206 - Brightness: 19.76
2025-03-09 11:23:25,306 - INFO - Frame 89/206 - Brightness: 20.08
2025-03-09 11:23:25,325 - INFO - Frame 90/206 - Brightness: 19.98
2025-03-09 11:23:25,343 - INFO - Frame 91/206 - Brightness: 19.79
2025-03-09 11:23:25,361 - INFO - Frame 92/206 - Brightness: 19.65
2025-03-09 11:23:25,380 - INFO - Frame 93/206 - Brightness: 19.65
2025-03-09 11:23:25,398 - INFO - Frame 94/206 - Brightness: 19.55
2025-03-09 11:23:25,415 - INFO - Frame 95/206 - Brightness: 19.42
2025-03-09 11:23:25,433 - INFO - Frame 96/206 - Brightness: 19.79
2025-03-09 11:23:25,449 - INFO - Frame 97/206 - Brightness: 19.63
2025-03-09 11:23:25,467 - INFO - Frame 98/206 - Brightness: 19.54
2025-03-09 11:23:25,484 - INFO - Frame 99/206 - Brightness: 19.37
2025-03-09 11:23:25,504 - INFO - Frame 100/206 - Brightness: 19.33
2025-03-09 11:23:25,521 - INFO - Frame 101/206 - Brightness: 19.37
2025-03-09 11:23:25,538 - INFO - Frame 102/206 - Brightness: 19.44
2025-03-09 11:23:25,554 - INFO - Frame 103/206 - Brightness: 19.28
2025-03-09 11:23:25,571 - INFO - Frame 104/206 - Brightness: 19.85
2025-03-09 11:23:25,589 - INFO - Frame 105/206 - Brightness: 19.91
2025-03-09 11:23:25,605 - INFO - Frame 106/206 - Brightness: 19.48
2025-03-09 11:23:25,622 - INFO - Frame 107/206 - Brightness: 19.36
2025-03-09 11:23:25,638 - INFO - Frame 108/206 - Brightness: 19.73
2025-03-09 11:23:25,653 - INFO - Frame 109/206 - Brightness: 19.10
2025-03-09 11:23:25,670 - INFO - Frame 110/206 - Brightness: 19.11
2025-03-09 11:23:25,688 - INFO - Frame 111/206 - Brightness: 19.51
2025-03-09 11:23:25,705 - INFO - Frame 112/206 - Brightness: 19.23
2025-03-09 11:23:25,720 - INFO - Frame 113/206 - Brightness: 19.77
2025-03-09 11:23:25,737 - INFO - Frame 114/206 - Brightness: 19.99
2025-03-09 11:23:25,754 - INFO - Frame 115/206 - Brightness: 19.62
2025-03-09 11:23:25,770 - INFO - Frame 116/206 - Brightness: 20.03
2025-03-09 11:23:25,788 - INFO - Frame 117/206 - Brightness: 21.05
2025-03-09 11:23:25,803 - INFO - Frame 118/206 - Brightness: 22.93
2025-03-09 11:23:25,822 - INFO - Frame 119/206 - Brightness: 24.57
2025-03-09 11:23:25,840 - INFO - Frame 120/206 - Brightness: 25.66
2025-03-09 11:23:25,857 - INFO - Frame 121/206 - Brightness: 27.77
2025-03-09 11:23:25,873 - INFO - Frame 122/206 - Brightness: 28.33
2025-03-09 11:23:25,890 - INFO - Frame 123/206 - Brightness: 29.76
2025-03-09 11:23:25,908 - INFO - Frame 124/206 - Brightness: 29.98
2025-03-09 11:23:25,927 - INFO - Frame 125/206 - Brightness: 31.52
2025-03-09 11:23:25,945 - INFO - Frame 126/206 - Brightness: 31.31
2025-03-09 11:23:25,961 - INFO - Frame 127/206 - Brightness: 31.09
2025-03-09 11:23:25,977 - INFO - Frame 128/206 - Brightness: 31.31
2025-03-09 11:23:25,993 - INFO - Frame 129/206 - Brightness: 31.20
2025-03-09 11:23:26,009 - INFO - Frame 130/206 - Brightness: 31.02
2025-03-09 11:23:26,025 - INFO - Frame 131/206 - Brightness: 31.08
2025-03-09 11:23:26,041 - INFO - Frame 132/206 - Brightness: 32.21
2025-03-09 11:23:26,057 - INFO - Frame 133/206 - Brightness: 32.39
2025-03-09 11:23:26,073 - INFO - Frame 134/206 - Brightness: 31.68
2025-03-09 11:23:26,089 - INFO - Frame 135/206 - Brightness: 32.94
2025-03-09 11:23:26,106 - INFO - Frame 136/206 - Brightness: 32.88
2025-03-09 11:23:26,124 - INFO - Frame 137/206 - Brightness: 34.01
2025-03-09 11:23:26,141 - INFO - Frame 138/206 - Brightness: 33.91
2025-03-09 11:23:26,156 - INFO - Frame 139/206 - Brightness: 34.60
2025-03-09 11:23:26,176 - INFO - Frame 140/206 - Brightness: 34.11
2025-03-09 11:23:26,199 - INFO - Frame 141/206 - Brightness: 34.51
2025-03-09 11:23:26,223 - INFO - Frame 142/206 - Brightness: 34.23
2025-03-09 11:23:26,242 - INFO - Frame 143/206 - Brightness: 34.63
2025-03-09 11:23:26,258 - INFO - Frame 144/206 - Brightness: 35.47
2025-03-09 11:23:26,275 - INFO - Frame 145/206 - Brightness: 35.35
2025-03-09 11:23:26,291 - INFO - Frame 146/206 - Brightness: 36.29
2025-03-09 11:23:26,309 - INFO - Frame 147/206 - Brightness: 36.77
2025-03-09 11:23:26,326 - INFO - Frame 148/206 - Brightness: 37.56
2025-03-09 11:23:26,342 - INFO - Frame 149/206 - Brightness: 38.64
2025-03-09 11:23:26,358 - INFO - Frame 150/206 - Brightness: 38.77
2025-03-09 11:23:26,374 - INFO - Frame 151/206 - Brightness: 40.29
2025-03-09 11:23:26,391 - INFO - Frame 152/206 - Brightness: 41.02
2025-03-09 11:23:26,409 - INFO - Frame 153/206 - Brightness: 42.16
2025-03-09 11:23:26,426 - INFO - Frame 154/206 - Brightness: 42.25
2025-03-09 11:23:26,443 - INFO - Frame 155/206 - Brightness: 43.81
2025-03-09 11:23:26,460 - INFO - Frame 156/206 - Brightness: 44.06
2025-03-09 11:23:26,476 - INFO - Frame 157/206 - Brightness: 45.36
2025-03-09 11:23:26,493 - INFO - Frame 158/206 - Brightness: 45.29
2025-03-09 11:23:26,508 - INFO - Frame 159/206 - Brightness: 47.50
2025-03-09 11:23:26,526 - INFO - Frame 160/206 - Brightness: 47.86
2025-03-09 11:23:26,543 - INFO - Frame 161/206 - Brightness: 47.71
2025-03-09 11:23:26,560 - INFO - Frame 162/206 - Brightness: 47.95
2025-03-09 11:23:26,578 - INFO - Frame 163/206 - Brightness: 49.14
2025-03-09 11:23:26,594 - INFO - Frame 164/206 - Brightness: 48.44
2025-03-09 11:23:26,610 - INFO - Frame 165/206 - Brightness: 50.54
2025-03-09 11:23:26,626 - INFO - Frame 166/206 - Brightness: 50.63
2025-03-09 11:23:26,641 - INFO - Frame 167/206 - Brightness: 50.62
2025-03-09 11:23:26,659 - INFO - Frame 168/206 - Brightness: 50.76
2025-03-09 11:23:26,675 - INFO - Frame 169/206 - Brightness: 49.73
2025-03-09 11:23:26,692 - INFO - Frame 170/206 - Brightness: 50.72
2025-03-09 11:23:26,711 - INFO - Frame 171/206 - Brightness: 50.54
2025-03-09 11:23:26,728 - INFO - Frame 172/206 - Brightness: 51.69
2025-03-09 11:23:26,744 - INFO - Frame 173/206 - Brightness: 51.45
2025-03-09 11:23:26,762 - INFO - Frame 174/206 - Brightness: 52.72
2025-03-09 11:23:26,778 - INFO - Frame 175/206 - Brightness: 52.52
2025-03-09 11:23:26,794 - INFO - Frame 176/206 - Brightness: 52.61
2025-03-09 11:23:26,812 - INFO - Frame 177/206 - Brightness: 52.92
2025-03-09 11:23:26,831 - INFO - Frame 178/206 - Brightness: 52.93
2025-03-09 11:23:26,848 - INFO - Frame 179/206 - Brightness: 53.54
2025-03-09 11:23:26,864 - INFO - Frame 180/206 - Brightness: 53.24
2025-03-09 11:23:26,880 - INFO - Frame 181/206 - Brightness: 52.42
2025-03-09 11:23:26,897 - INFO - Frame 182/206 - Brightness: 51.68
2025-03-09 11:23:26,912 - INFO - Frame 183/206 - Brightness: 51.66
2025-03-09 11:23:26,931 - INFO - Frame 184/206 - Brightness: 50.74
2025-03-09 11:23:26,948 - INFO - Frame 185/206 - Brightness: 49.69
2025-03-09 11:23:26,964 - INFO - Frame 186/206 - Brightness: 49.10
2025-03-09 11:23:26,981 - INFO - Frame 187/206 - Brightness: 48.66
2025-03-09 11:23:26,997 - INFO - Frame 188/206 - Brightness: 48.85
2025-03-09 11:23:27,015 - INFO - Frame 189/206 - Brightness: 49.77
2025-03-09 11:23:27,030 - INFO - Frame 190/206 - Brightness: 48.58
2025-03-09 11:23:27,046 - INFO - Frame 191/206 - Brightness: 47.81
2025-03-09 11:23:27,063 - INFO - Frame 192/206 - Brightness: 47.43
2025-03-09 11:23:27,078 - INFO - Frame 193/206 - Brightness: 47.66
2025-03-09 11:23:27,094 - INFO - Frame 194/206 - Brightness: 46.58
2025-03-09 11:23:27,110 - INFO - Frame 195/206 - Brightness: 45.97
2025-03-09 11:23:27,125 - INFO - Frame 196/206 - Brightness: 45.74
2025-03-09 11:23:27,142 - INFO - Frame 197/206 - Brightness: 45.48
2025-03-09 11:23:27,157 - INFO - Frame 198/206 - Brightness: 45.47
2025-03-09 11:23:27,173 - INFO - Frame 199/206 - Brightness: 46.28
2025-03-09 11:23:27,191 - INFO - Frame 200/206 - Brightness: 45.44
2025-03-09 11:23:27,206 - INFO - Frame 201/206 - Brightness: 45.39
2025-03-09 11:23:27,223 - INFO - Frame 202/206 - Brightness: 45.32
2025-03-09 11:23:27,238 - INFO - Frame 203/206 - Brightness: 44.79
2025-03-09 11:23:27,257 - INFO - Frame 204/206 - Brightness: 47.67
2025-03-09 11:23:27,272 - INFO - Frame 205/206 - Brightness: 46.54
